\BOOKMARK [1][-]{section*.1}{Deliverable specific information}{}% 1
\BOOKMARK [1][-]{section*.2}{Table of Contents}{}% 2
\BOOKMARK [1][-]{section*.3}{List of Figures}{}% 3
\BOOKMARK [1][-]{section*.4}{List of Tables}{}% 4
\BOOKMARK [1][-]{section.1}{Introduction}{}% 5
\BOOKMARK [2][-]{subsection.1.1}{The Elk River problem}{section.1}% 6
\BOOKMARK [2][-]{subsection.1.2}{Stakeholders}{section.1}% 7
\BOOKMARK [2][-]{subsection.1.3}{Definitions, acronyms and abbreviations}{section.1}% 8
\BOOKMARK [3][-]{subsubsection.1.3.1}{Definitions}{subsection.1.3}% 9
\BOOKMARK [3][-]{subsubsection.1.3.2}{Acronyms}{subsection.1.3}% 10
\BOOKMARK [3][-]{subsubsection.1.3.3}{Abbreviations}{subsection.1.3}% 11
\BOOKMARK [3][-]{subsubsection.1.3.4}{Revision History}{subsection.1.3}% 12
\BOOKMARK [1][-]{section.2}{Overall Description}{}% 13
\BOOKMARK [2][-]{subsection.2.1}{Proposed project solution}{section.2}% 14
\BOOKMARK [2][-]{subsection.2.2}{Product Functions}{section.2}% 15
\BOOKMARK [2][-]{subsection.2.3}{User Characteristics}{section.2}% 16
\BOOKMARK [2][-]{subsection.2.4}{Goals}{section.2}% 17
\BOOKMARK [1][-]{section.3}{Target Group and Personas}{}% 18
\BOOKMARK [2][-]{subsection.3.1}{Target Group - Fishing Enthusiasts}{section.3}% 19
\BOOKMARK [2][-]{subsection.3.2}{Personas}{section.3}% 20
\BOOKMARK [1][-]{section.4}{Thinking Hats}{}% 21
\BOOKMARK [1][-]{section.5}{Customer Journey}{}% 22
\BOOKMARK [1][-]{section.6}{Business Process Model and Notation}{}% 23
\BOOKMARK [1][-]{section.7}{Data Analysis}{}% 24
\BOOKMARK [1][-]{section.8}{Prototype - Mobile Application}{}% 25
\BOOKMARK [2][-]{subsection.8.1}{Structure}{section.8}% 26
\BOOKMARK [2][-]{subsection.8.2}{Introduction}{section.8}% 27
\BOOKMARK [3][-]{subsubsection.8.2.1}{Operating System: Android}{subsection.8.2}% 28
\BOOKMARK [3][-]{subsubsection.8.2.2}{Development Platform: Firebase}{subsection.8.2}% 29
\BOOKMARK [2][-]{subsection.8.3}{Goals}{section.8}% 30
\BOOKMARK [2][-]{subsection.8.4}{Database Structure}{section.8}% 31
\BOOKMARK [2][-]{subsection.8.5}{Cloud Functions}{section.8}% 32
\BOOKMARK [3][-]{subsubsection.8.5.1}{New Review}{subsection.8.5}% 33
\BOOKMARK [3][-]{subsubsection.8.5.2}{Send Notification}{subsection.8.5}% 34
\BOOKMARK [2][-]{subsection.8.6}{User Interface}{section.8}% 35
\BOOKMARK [3][-]{subsubsection.8.6.1}{Customer UI}{subsection.8.6}% 36
\BOOKMARK [3][-]{subsubsection.8.6.2}{Employee UI}{subsection.8.6}% 37
\BOOKMARK [1][-]{section.9}{Appendix}{}% 38
\BOOKMARK [2][-]{subsection.9.1}{Software \046 Services Used}{section.9}% 39
